<?xml version="1.0" encoding="utf-8"?><testsuites name="pytest tests"><testsuite name="pytest" errors="0" failures="1" skipped="0" tests="18" time="2.316" timestamp="2026-01-15T01:12:56.502306+00:00" hostname="agent-env-2b43792b-15be-4128-b84f-d49df0feb6ba"><testcase classname="tests.test_ecoguard_api.TestAuth" name="test_auth_me_with_valid_token" time="0.107" /><testcase classname="tests.test_ecoguard_api.TestAuth" name="test_auth_me_without_token" time="0.050" /><testcase classname="tests.test_ecoguard_api.TestAuth" name="test_auth_me_with_invalid_token" time="0.036" /><testcase classname="tests.test_ecoguard_api.TestEmpresas" name="test_get_empresas_empty" time="0.049" /><testcase classname="tests.test_ecoguard_api.TestEmpresas" name="test_create_empresa_matriz" time="0.086" /><testcase classname="tests.test_ecoguard_api.TestEmpresas" name="test_create_empresa_filial" time="0.044" /><testcase classname="tests.test_ecoguard_api.TestEmpresas" name="test_delete_empresa" time="0.176" /><testcase classname="tests.test_ecoguard_api.TestLicencas" name="test_get_licencas_empty" time="0.077" /><testcase classname="tests.test_ecoguard_api.TestLicencas" name="test_create_licenca" time="0.110" /><testcase classname="tests.test_ecoguard_api.TestLicencas" name="test_update_licenca" time="0.164" /><testcase classname="tests.test_ecoguard_api.TestLicencas" name="test_delete_licenca" time="0.177" /><testcase classname="tests.test_ecoguard_api.TestLicencas" name="test_licencas_indicadores_dashboard" time="0.040" /><testcase classname="tests.test_ecoguard_api.TestCondicionantes" name="test_create_condicionante" time="0.122" /><testcase classname="tests.test_ecoguard_api.TestCondicionantes" name="test_get_condicionantes" time="0.201" /><testcase classname="tests.test_ecoguard_api.TestTickets" name="test_get_tickets" time="0.042"><failure message="AssertionError: assert 'etapa' in {'closed_at': None, 'created_at': '2026-01-14T23:42:04.510000', 'empresa': {'cnpj': '41955364000102', 'created_at': '2026-01-14T18:46:24.982000', 'empresa_id': 'emp_99ef5faad727', 'endereco': 'RUA CORONEL BENTO PIRES', ...}, 'empresa_id': 'emp_99ef5faad727', ...}">tests/test_ecoguard_api.py:421: in test_get_tickets
    assert "etapa" in ticket
E   AssertionError: assert 'etapa' in {'closed_at': None, 'created_at': '2026-01-14T23:42:04.510000', 'empresa': {'cnpj': '41955364000102', 'created_at': '2026-01-14T18:46:24.982000', 'empresa_id': 'emp_99ef5faad727', 'endereco': 'RUA CORONEL BENTO PIRES', ...}, 'empresa_id': 'emp_99ef5faad727', ...}</failure></testcase><testcase classname="tests.test_ecoguard_api.TestTickets" name="test_get_ticket_details" time="0.107" /><testcase classname="tests.test_ecoguard_api.TestClientes" name="test_get_clientes" time="0.042" /><testcase classname="tests.test_ecoguard_api.TestClientes" name="test_create_cliente" time="0.581" /></testsuite></testsuites>