<?xml version="1.0" encoding="utf-8"?><testsuites name="pytest tests"><testsuite name="pytest" errors="0" failures="0" skipped="0" tests="18" time="1.886" timestamp="2026-01-15T01:15:54.892143+00:00" hostname="agent-env-2b43792b-15be-4128-b84f-d49df0feb6ba"><testcase classname="tests.test_ecoguard_api.TestAuth" name="test_auth_me_with_valid_token" time="0.062" /><testcase classname="tests.test_ecoguard_api.TestAuth" name="test_auth_me_without_token" time="0.034" /><testcase classname="tests.test_ecoguard_api.TestAuth" name="test_auth_me_with_invalid_token" time="0.037" /><testcase classname="tests.test_ecoguard_api.TestEmpresas" name="test_get_empresas_empty" time="0.039" /><testcase classname="tests.test_ecoguard_api.TestEmpresas" name="test_create_empresa_matriz" time="0.074" /><testcase classname="tests.test_ecoguard_api.TestEmpresas" name="test_create_empresa_filial" time="0.040" /><testcase classname="tests.test_ecoguard_api.TestEmpresas" name="test_delete_empresa" time="0.113" /><testcase classname="tests.test_ecoguard_api.TestLicencas" name="test_get_licencas_empty" time="0.035" /><testcase classname="tests.test_ecoguard_api.TestLicencas" name="test_create_licenca" time="0.107" /><testcase classname="tests.test_ecoguard_api.TestLicencas" name="test_update_licenca" time="0.158" /><testcase classname="tests.test_ecoguard_api.TestLicencas" name="test_delete_licenca" time="0.143" /><testcase classname="tests.test_ecoguard_api.TestLicencas" name="test_licencas_indicadores_dashboard" time="0.035" /><testcase classname="tests.test_ecoguard_api.TestCondicionantes" name="test_create_condicionante" time="0.113" /><testcase classname="tests.test_ecoguard_api.TestCondicionantes" name="test_get_condicionantes" time="0.153" /><testcase classname="tests.test_ecoguard_api.TestTickets" name="test_get_tickets" time="0.035" /><testcase classname="tests.test_ecoguard_api.TestTickets" name="test_get_ticket_details" time="0.080" /><testcase classname="tests.test_ecoguard_api.TestClientes" name="test_get_clientes" time="0.038" /><testcase classname="tests.test_ecoguard_api.TestClientes" name="test_create_cliente" time="0.505" /></testsuite></testsuites>